{
  message: 'Error connecting to MongoDB: MongooseError: The `uri` parameter to `openUri()` must be a string, got "undefined". Make sure the first parameter to `mongoose.connect()` or `mongoose.createConnection()` is a string.',
  level: 'error',
  timestamp: '2023-04-26T07:31:59.123Z'
}
{
  message: 'Connected to database successfully',
  level: 'info',
  timestamp: '2023-04-26T14:17:31.012Z'
}
{
  message: 'Connected to database successfully',
  level: 'info',
  timestamp: '2023-04-26T18:52:48.803Z'
}
{
  message: 'Connected to database successfully',
  level: 'info',
  timestamp: '2023-04-26T20:14:37.460Z'
}
{
  message: 'Connected to database successfully',
  level: 'info',
  timestamp: '2023-04-26T21:44:12.319Z'
}
{
  message: 'Connected to database successfully',
  level: 'info',
  timestamp: '2023-04-26T22:53:27.582Z'
}
{
  message: 'Connected to database successfully',
  level: 'info',
  timestamp: '2023-04-26T23:41:00.442Z'
}
{
  message: 'Connected to database successfully',
  level: 'info',
  timestamp: '2023-04-26T23:41:15.152Z'
}
{
  message: 'Connected to database successfully',
  level: 'info',
  timestamp: '2023-04-26T23:41:42.831Z'
}
{
  message: 'Connected to database successfully',
  level: 'info',
  timestamp: '2023-04-26T23:45:01.131Z'
}
{
  message: 'Connected to database successfully',
  level: 'info',
  timestamp: '2023-04-26T23:46:03.163Z'
}
{
  message: 'Connected to database successfully',
  level: 'info',
  timestamp: '2023-04-26T23:46:53.265Z'
}
