{
  message: 'Connected to database successfully',
  level: 'info',
  timestamp: '2023-04-18T17:01:15.292Z'
}
{
  message: 'Connected to database successfully',
  level: 'info',
  timestamp: '2023-04-18T17:03:11.514Z'
}
{
  message: 'Connected to database successfully',
  level: 'info',
  timestamp: '2023-04-18T17:06:34.188Z'
}
{
  message: 'Connected to database successfully',
  level: 'info',
  timestamp: '2023-04-18T17:24:29.001Z'
}
{
  message: 'Connected to database successfully',
  level: 'info',
  timestamp: '2023-04-18T17:28:28.431Z'
}
{
  message: 'Connected to database successfully',
  level: 'info',
  timestamp: '2023-04-18T17:31:34.401Z'
}
{
  message: 'Connected to database successfully',
  level: 'info',
  timestamp: '2023-04-18T17:33:51.764Z'
}
{
  message: 'Connected to database successfully',
  level: 'info',
  timestamp: '2023-04-18T17:34:59.302Z'
}
{
  message: 'Connected to database successfully',
  level: 'info',
  timestamp: '2023-04-18T17:37:29.820Z'
}
{
  message: 'Connected to database successfully',
  level: 'info',
  timestamp: '2023-04-18T17:47:34.901Z'
}
{
  message: 'Connected to database successfully',
  level: 'info',
  timestamp: '2023-04-18T18:40:31.963Z'
}
{
  message: 'Connected to database successfully',
  level: 'info',
  timestamp: '2023-04-18T18:53:34.060Z'
}
{
  message: 'Connected to database successfully',
  level: 'info',
  timestamp: '2023-04-19T06:01:10.250Z'
}
