{
  message: 'Connected to database successfully',
  level: 'info',
  timestamp: '2023-04-26T05:27:39.003Z'
}
{
  message: 'Connected to database successfully',
  level: 'info',
  timestamp: '2023-04-26T05:30:11.983Z'
}
{
  message: 'Connected to database successfully',
  level: 'info',
  timestamp: '2023-04-26T05:30:58.685Z'
}
{
  message: 'Connected to database successfully',
  level: 'info',
  timestamp: '2023-04-26T05:31:26.814Z'
}
{
  message: 'Connected to database successfully',
  level: 'info',
  timestamp: '2023-04-26T05:31:44.073Z'
}
{
  message: 'Connected to database successfully',
  level: 'info',
  timestamp: '2023-04-26T05:31:52.980Z'
}
{
  message: 'Connected to database successfully',
  level: 'info',
  timestamp: '2023-04-26T05:32:21.419Z'
}
{
  message: 'Connected to database successfully',
  level: 'info',
  timestamp: '2023-04-26T05:33:06.825Z'
}
{
  message: 'Connected to database successfully',
  level: 'info',
  timestamp: '2023-04-26T05:34:26.122Z'
}
{
  message: 'Connected to database successfully',
  level: 'info',
  timestamp: '2023-04-26T05:34:41.039Z'
}
{
  message: 'Connected to database successfully',
  level: 'info',
  timestamp: '2023-04-26T05:35:37.513Z'
}
{
  message: 'Connected to database successfully',
  level: 'info',
  timestamp: '2023-04-26T05:36:04.225Z'
}
