{
  message: 'Connected to database successfully',
  level: 'info',
  timestamp: '2023-04-25T09:30:38.852Z'
}
{
  message: 'Connected to database successfully',
  level: 'info',
  timestamp: '2023-04-25T09:31:24.596Z'
}
{
  message: 'Connected to database successfully',
  level: 'info',
  timestamp: '2023-04-25T12:43:18.994Z'
}
{
  message: 'Connected to database successfully',
  level: 'info',
  timestamp: '2023-04-25T12:52:56.584Z'
}
{
  message: 'Connected to database successfully',
  level: 'info',
  timestamp: '2023-04-25T12:53:09.516Z'
}
{
  message: 'Connected to database successfully',
  level: 'info',
  timestamp: '2023-04-25T12:57:05.321Z'
}
{
  message: 'Connected to database successfully',
  level: 'info',
  timestamp: '2023-04-25T12:57:47.905Z'
}
{
  message: 'Connected to database successfully',
  level: 'info',
  timestamp: '2023-04-25T12:58:23.244Z'
}
{
  message: 'Connected to database successfully',
  level: 'info',
  timestamp: '2023-04-25T12:59:18.131Z'
}
{
  message: 'Connected to database successfully',
  level: 'info',
  timestamp: '2023-04-25T13:00:04.063Z'
}
{
  message: 'Connected to database successfully',
  level: 'info',
  timestamp: '2023-04-25T14:08:50.924Z'
}
{
  message: 'Connected to database successfully',
  level: 'info',
  timestamp: '2023-04-25T14:12:23.234Z'
}
{
  message: 'Connected to database successfully',
  level: 'info',
  timestamp: '2023-04-26T04:37:35.075Z'
}
