{
  message: 'Connected to database successfully',
  level: 'info',
  timestamp: '2023-04-19T15:42:44.536Z'
}
{
  message: 'Connected to database successfully',
  level: 'info',
  timestamp: '2023-04-19T17:06:46.309Z'
}
{
  message: 'Connected to database successfully',
  level: 'info',
  timestamp: '2023-04-19T17:08:33.154Z'
}
{
  message: 'Connected to database successfully',
  level: 'info',
  timestamp: '2023-04-19T17:13:34.576Z'
}
{
  message: 'Connected to database successfully',
  level: 'info',
  timestamp: '2023-04-19T18:42:53.666Z'
}
{
  message: 'Connected to database successfully',
  level: 'info',
  timestamp: '2023-04-19T18:52:48.212Z'
}
{
  message: 'Connected to database successfully',
  level: 'info',
  timestamp: '2023-04-20T06:44:04.308Z'
}
{
  message: 'Connected to database successfully',
  level: 'info',
  timestamp: '2023-04-20T10:46:24.974Z'
}
{
  message: 'Connected to database successfully',
  level: 'info',
  timestamp: '2023-04-20T14:07:22.899Z'
}
{
  message: 'Connected to database successfully',
  level: 'info',
  timestamp: '2023-04-20T18:42:42.606Z'
}
{
  message: 'Connected to database successfully',
  level: 'info',
  timestamp: '2023-04-20T18:52:47.012Z'
}
{
  message: 'Connected to database successfully',
  level: 'info',
  timestamp: '2023-04-21T06:49:29.194Z'
}
{
  message: 'Connected to database successfully',
  level: 'info',
  timestamp: '2023-04-21T08:46:25.041Z'
}
{
  message: 'Connected to database successfully',
  level: 'info',
  timestamp: '2023-04-21T18:52:53.136Z'
}
{
  message: 'Connected to database successfully',
  level: 'info',
  timestamp: '2023-04-21T19:24:07.811Z'
}
{
  message: 'Connected to database successfully',
  level: 'info',
  timestamp: '2023-04-21T19:28:54.217Z'
}
{
  message: 'Connected to database successfully',
  level: 'info',
  timestamp: '2023-04-21T19:29:49.702Z'
}
{
  message: 'Connected to database successfully',
  level: 'info',
  timestamp: '2023-04-21T19:31:49.932Z'
}
{
  message: 'Connected to database successfully',
  level: 'info',
  timestamp: '2023-04-22T01:40:16.994Z'
}
{
  message: 'Connected to database successfully',
  level: 'info',
  timestamp: '2023-04-22T06:57:11.595Z'
}
{
  message: 'Connected to database successfully',
  level: 'info',
  timestamp: '2023-04-22T15:39:47.391Z'
}
