{
  message: 'Connected to database successfully',
  level: 'info',
  timestamp: '2023-04-26T08:16:45.136Z'
}
{
  message: 'Connected to database successfully',
  level: 'info',
  timestamp: '2023-04-26T08:26:10.993Z'
}
{
  message: 'Connected to database successfully',
  level: 'info',
  timestamp: '2023-04-26T09:17:45.842Z'
}
{
  message: 'Connected to database successfully',
  level: 'info',
  timestamp: '2023-04-26T09:21:44.046Z'
}
{
  message: 'Connected to database successfully',
  level: 'info',
  timestamp: '2023-04-26T09:26:03.315Z'
}
{
  message: 'Connected to database successfully',
  level: 'info',
  timestamp: '2023-04-26T09:27:18.059Z'
}
{
  message: 'Connected to database successfully',
  level: 'info',
  timestamp: '2023-04-26T10:31:22.546Z'
}
{
  message: 'Connected to database successfully',
  level: 'info',
  timestamp: '2023-04-26T12:19:20.065Z'
}
{
  message: 'Connected to database successfully',
  level: 'info',
  timestamp: '2023-04-26T13:24:18.814Z'
}
